Arguments: 
  C:\Program Files\nodejs\node.exe C:\Program Files (x86)\Yarn\bin\yarn.js

PATH: 
  D:\opt\cmdr\bin;D:\opt\cmdr\vendor\bin;D:\opt\cmdr\vendor\conemu-maximus5\ConEmu\Scripts;D:\opt\cmdr\vendor\conemu-maximus5;D:\opt\cmdr\vendor\conemu-maximus5\ConEmu;C:\Program Files (x86)\Common Files\Intel\Shared Libraries\redist\intel64\compiler;C:\WINDOWS\system32;C:\WINDOWS;C:\WINDOWS\System32\Wbem;C:\WINDOWS\System32\WindowsPowerShell\v1.0\;C:\WINDOWS\System32\OpenSSH\;C:\Program Files (x86)\NVIDIA Corporation\PhysX\Common;C:\Program Files\dotnet\;C:\Program Files\Microsoft SQL Server\130\Tools\Binn\;C:\WINDOWS\system32;C:\WINDOWS;C:\WINDOWS\System32\Wbem;C:\WINDOWS\System32\WindowsPowerShell\v1.0\;C:\WINDOWS\System32\OpenSSH\;C:\Users\jhuebel\AppData\Local\Programs\Python\Python36\Scripts\;C:\Users\jhuebel\AppData\Local\Programs\Python\Python36\;C:\Users\jhuebel\AppData\Local\Microsoft\WindowsApps;C:\Program Files\NVIDIA Corporation\NVIDIA NvDLISR;C:\ProgramData\ComposerSetup\bin;C:\Program Files\nodejs\;C:\Program Files (x86)\Yarn\bin\;%USERPROFILE%\AppData\Local\Microsoft\WindowsApps;C:\Program Files\Sublime Text 3\;C:\Users\jhuebel\AppData\Roaming\Composer\vendor\bin;C:\Users\jhuebel\AppData\Roaming\npm;C:\Users\jhuebel\AppData\Local\Yarn\bin;D:\opt\php;D:\opt\wkhtmltox\bin;C:\ProgramData\jhuebel\hyper\app-2.1.2\resources\bin;D:\opt\cmdr\vendor\git-for-windows\cmd;D:\opt\cmdr\vendor\git-for-windows\mingw64\bin;D:\opt\cmdr\vendor\git-for-windows\usr\bin;D:\opt\cmdr

Yarn version: 
  1.15.2

Node version: 
  10.15.3

Platform: 
  win32 x64

Trace: 
  SyntaxError: D:\prog\flarepoint-crm\package.json: Unexpected token } in JSON at position 1019
      at JSON.parse (<anonymous>)
      at C:\Program Files (x86)\Yarn\lib\cli.js:1625:59
      at Generator.next (<anonymous>)
      at step (C:\Program Files (x86)\Yarn\lib\cli.js:304:30)
      at C:\Program Files (x86)\Yarn\lib\cli.js:315:13

npm manifest: 
  {
    "private": true,
    "scripts": {
      "dev": "node node_modules/cross-env/dist/bin/cross-env.js NODE_ENV=development node_modules/webpack/bin/webpack.js --progress --hide-modules --config=node_modules/laravel-mix/setup/webpack.config.js",
      "watch": "node node_modules/cross-env/dist/bin/cross-env.js NODE_ENV=development node_modules/webpack/bin/webpack.js --watch --progress --hide-modules --config=node_modules/laravel-mix/setup/webpack.config.js",
      "hot": "node node_modules/cross-env/dist/bin/cross-env.js NODE_ENV=development node_modules/webpack-dev-server/bin/webpack-dev-server.js --inline --hot --config=node_modules/laravel-mix/setup/webpack.config.js",
      "production": "node node_modules/cross-env/dist/bin/cross-env.js NODE_ENV=production node_modules/webpack/bin/webpack.js --progress --hide-modules --config=node_modules/laravel-mix/setup/webpack.config.js"
    },
    "dependencies": {
      "bootstrap-sass": "^3.3.7",
      "chart.js": "^2.6.0",
      "element-ui": "^1.0.7",
      "jquery": "^3.1.0",
    },
    "devDependencies": {
      "axios": "^0.15.2",
      "bootstrap-sass": "^3.3.7",
      "jquery": "^3.1.0",
      "laravel-mix": "^0.10.0",
      "lodash": "^4.16.2",
      "vue": "^2.0.1"
    }
  }

yarn manifest: 
  No manifest

Lockfile: 
  No lockfile
